{"C:\\Users\\Rayane\\Desktop\\Rayane\\Recherche Emploi\\Alternance\\Metasense\\Test Technique\\todo-multirepo\\todo-backend\\src\\prisma.ts": {"path":"C:\\Users\\Rayane\\Desktop\\Rayane\\Recherche Emploi\\Alternance\\Metasense\\Test Technique\\todo-multirepo\\todo-backend\\src\\prisma.ts","statementMap":{"0":{"start":{"line":1,"column":0},"end":{"line":1,"column":46}},"1":{"start":{"line":2,"column":13},"end":{"line":2,"column":41}}},"fnMap":{},"branchMap":{},"s":{"0":6,"1":6},"f":{},"b":{}}
,"C:\\Users\\Rayane\\Desktop\\Rayane\\Recherche Emploi\\Alternance\\Metasense\\Test Technique\\todo-multirepo\\todo-backend\\src\\seed.ts": {"path":"C:\\Users\\Rayane\\Desktop\\Rayane\\Recherche Emploi\\Alternance\\Metasense\\Test Technique\\todo-multirepo\\todo-backend\\src\\seed.ts","statementMap":{"0":{"start":{"line":5,"column":0},"end":{"line":5,"column":7}},"1":{"start":{"line":2,"column":0},"end":{"line":2,"column":46}},"2":{"start":{"line":3,"column":15},"end":{"line":3,"column":33}},"3":{"start":{"line":7,"column":30},"end":{"line":17,"column":4}},"4":{"start":{"line":20,"column":18},"end":{"line":22,"column":4}},"5":{"start":{"line":25,"column":18},"end":{"line":27,"column":4}},"6":{"start":{"line":30,"column":2},"end":{"line":51,"column":5}},"7":{"start":{"line":54,"column":2},"end":{"line":61,"column":5}}},"fnMap":{"0":{"name":"seedUserDefaults","decl":{"start":{"line":5,"column":22},"end":{"line":5,"column":38}},"loc":{"start":{"line":5,"column":53},"end":{"line":62,"column":1}}}},"branchMap":{},"s":{"0":6,"1":6,"2":6,"3":6,"4":6,"5":6,"6":6,"7":6},"f":{"0":6},"b":{}}
,"C:\\Users\\Rayane\\Desktop\\Rayane\\Recherche Emploi\\Alternance\\Metasense\\Test Technique\\todo-multirepo\\todo-backend\\src\\server.ts": {"path":"C:\\Users\\Rayane\\Desktop\\Rayane\\Recherche Emploi\\Alternance\\Metasense\\Test Technique\\todo-multirepo\\todo-backend\\src\\server.ts","statementMap":{"0":{"start":{"line":1,"column":0},"end":{"line":1,"column":24}},"1":{"start":{"line":2,"column":0},"end":{"line":2,"column":30}},"2":{"start":{"line":3,"column":0},"end":{"line":3,"column":72}},"3":{"start":{"line":4,"column":0},"end":{"line":4,"column":50}},"4":{"start":{"line":5,"column":0},"end":{"line":5,"column":60}},"5":{"start":{"line":6,"column":0},"end":{"line":6,"column":57}},"6":{"start":{"line":7,"column":0},"end":{"line":7,"column":56}},"7":{"start":{"line":8,"column":0},"end":{"line":8,"column":50}},"8":{"start":{"line":11,"column":20},"end":{"line":16,"column":2}},"9":{"start":{"line":18,"column":12},"end":{"line":18,"column":21}},"10":{"start":{"line":19,"column":0},"end":{"line":19,"column":27}},"11":{"start":{"line":20,"column":0},"end":{"line":20,"column":24}},"12":{"start":{"line":21,"column":0},"end":{"line":21,"column":33}},"13":{"start":{"line":22,"column":0},"end":{"line":22,"column":39}},"14":{"start":{"line":23,"column":0},"end":{"line":23,"column":43}},"15":{"start":{"line":24,"column":0},"end":{"line":24,"column":40}},"16":{"start":{"line":25,"column":0},"end":{"line":25,"column":34}},"17":{"start":{"line":26,"column":0},"end":{"line":26,"column":18}},"18":{"start":{"line":27,"column":0},"end":{"line":27,"column":22}},"19":{"start":{"line":28,"column":0},"end":{"line":30,"column":3}},"20":{"start":{"line":29,"column":2},"end":{"line":29,"column":49}},"21":{"start":{"line":32,"column":0},"end":{"line":36,"column":1}},"22":{"start":{"line":34,"column":15},"end":{"line":34,"column":39}},"23":{"start":{"line":35,"column":2},"end":{"line":35,"column":71}},"24":{"start":{"line":35,"column":25},"end":{"line":35,"column":69}},"25":{"start":{"line":38,"column":0},"end":{"line":38,"column":19}}},"fnMap":{"0":{"name":"(anonymous_1)","decl":{"start":{"line":28,"column":22},"end":{"line":28,"column":23}},"loc":{"start":{"line":28,"column":36},"end":{"line":30,"column":1}}},"1":{"name":"(anonymous_2)","decl":{"start":{"line":35,"column":19},"end":{"line":35,"column":22}},"loc":{"start":{"line":35,"column":25},"end":{"line":35,"column":69}}}},"branchMap":{"0":{"loc":{"start":{"line":12,"column":10},"end":{"line":12,"column":61}},"type":"binary-expr","locations":[{"start":{"line":12,"column":10},"end":{"line":12,"column":34}},{"start":{"line":12,"column":38},"end":{"line":12,"column":61}}]},"1":{"loc":{"start":{"line":32,"column":0},"end":{"line":36,"column":1}},"type":"if","locations":[{"start":{"line":32,"column":0},"end":{"line":36,"column":1}}]},"2":{"loc":{"start":{"line":34,"column":15},"end":{"line":34,"column":39}},"type":"binary-expr","locations":[{"start":{"line":34,"column":15},"end":{"line":34,"column":31}},{"start":{"line":34,"column":35},"end":{"line":34,"column":39}}]}},"s":{"0":6,"1":6,"2":6,"3":6,"4":6,"5":6,"6":6,"7":6,"8":6,"9":6,"10":6,"11":6,"12":6,"13":6,"14":6,"15":6,"16":6,"17":6,"18":6,"19":6,"20":0,"21":6,"22":0,"23":0,"24":0,"25":6},"f":{"0":0,"1":0},"b":{"0":[6,6],"1":[0],"2":[0,0]}}
,"C:\\Users\\Rayane\\Desktop\\Rayane\\Recherche Emploi\\Alternance\\Metasense\\Test Technique\\todo-multirepo\\todo-backend\\src\\config\\env.ts": {"path":"C:\\Users\\Rayane\\Desktop\\Rayane\\Recherche Emploi\\Alternance\\Metasense\\Test Technique\\todo-multirepo\\todo-backend\\src\\config\\env.ts","statementMap":{"0":{"start":{"line":1,"column":0},"end":{"line":1,"column":23}},"1":{"start":{"line":2,"column":0},"end":{"line":2,"column":24}},"2":{"start":{"line":4,"column":18},"end":{"line":9,"column":2}},"3":{"start":{"line":11,"column":13},"end":{"line":11,"column":48}}},"fnMap":{},"branchMap":{},"s":{"0":6,"1":6,"2":6,"3":6},"f":{},"b":{}}
,"C:\\Users\\Rayane\\Desktop\\Rayane\\Recherche Emploi\\Alternance\\Metasense\\Test Technique\\todo-multirepo\\todo-backend\\src\\controllers\\auth.controller.ts": {"path":"C:\\Users\\Rayane\\Desktop\\Rayane\\Recherche Emploi\\Alternance\\Metasense\\Test Technique\\todo-multirepo\\todo-backend\\src\\controllers\\auth.controller.ts","statementMap":{"0":{"start":{"line":2,"column":0},"end":{"line":2,"column":55}},"1":{"start":{"line":3,"column":0},"end":{"line":3,"column":53}},"2":{"start":{"line":5,"column":13},"end":{"line":9,"column":3}},"3":{"start":{"line":6,"column":30},"end":{"line":6,"column":38}},"4":{"start":{"line":7,"column":15},"end":{"line":7,"column":55}},"5":{"start":{"line":8,"column":2},"end":{"line":8,"column":17}},"6":{"start":{"line":11,"column":13},"end":{"line":15,"column":3}},"7":{"start":{"line":12,"column":36},"end":{"line":12,"column":44}},"8":{"start":{"line":13,"column":15},"end":{"line":13,"column":64}},"9":{"start":{"line":14,"column":2},"end":{"line":14,"column":33}}},"fnMap":{"0":{"name":"(anonymous_0)","decl":{"start":{"line":5,"column":34},"end":{"line":5,"column":39}},"loc":{"start":{"line":5,"column":72},"end":{"line":9,"column":1}}},"1":{"name":"(anonymous_1)","decl":{"start":{"line":11,"column":37},"end":{"line":11,"column":42}},"loc":{"start":{"line":11,"column":75},"end":{"line":15,"column":1}}}},"branchMap":{},"s":{"0":6,"1":6,"2":6,"3":6,"4":6,"5":6,"6":6,"7":6,"8":6,"9":6},"f":{"0":6,"1":6},"b":{}}
,"C:\\Users\\Rayane\\Desktop\\Rayane\\Recherche Emploi\\Alternance\\Metasense\\Test Technique\\todo-multirepo\\todo-backend\\src\\controllers\\categories.controller.ts": {"path":"C:\\Users\\Rayane\\Desktop\\Rayane\\Recherche Emploi\\Alternance\\Metasense\\Test Technique\\todo-multirepo\\todo-backend\\src\\controllers\\categories.controller.ts","statementMap":{"0":{"start":{"line":2,"column":0},"end":{"line":2,"column":65}},"1":{"start":{"line":4,"column":13},"end":{"line":19,"column":2}},"2":{"start":{"line":6,"column":4},"end":{"line":6,"column":62}},"3":{"start":{"line":8,"column":4},"end":{"line":9,"column":null}},"4":{"start":{"line":9,"column":13},"end":{"line":9,"column":36}},"5":{"start":{"line":12,"column":4},"end":{"line":13,"column":null}},"6":{"start":{"line":16,"column":4},"end":{"line":17,"column":null}},"7":{"start":{"line":17,"column":6},"end":{"line":17,"column":27}}},"fnMap":{"0":{"name":"(anonymous_0)","decl":{"start":{"line":5,"column":8},"end":{"line":5,"column":9}},"loc":{"start":{"line":6,"column":4},"end":{"line":6,"column":62}}},"1":{"name":"(anonymous_1)","decl":{"start":{"line":7,"column":10},"end":{"line":7,"column":11}},"loc":{"start":{"line":8,"column":4},"end":{"line":9,"column":null}}},"2":{"name":"(anonymous_2)","decl":{"start":{"line":9,"column":6},"end":{"line":9,"column":7}},"loc":{"start":{"line":9,"column":13},"end":{"line":9,"column":36}}},"3":{"name":"(anonymous_3)","decl":{"start":{"line":11,"column":10},"end":{"line":11,"column":11}},"loc":{"start":{"line":12,"column":4},"end":{"line":13,"column":null}}},"4":{"name":"(anonymous_4)","decl":{"start":{"line":15,"column":10},"end":{"line":15,"column":11}},"loc":{"start":{"line":16,"column":4},"end":{"line":17,"column":null}}},"5":{"name":"(anonymous_5)","decl":{"start":{"line":16,"column":60},"end":{"line":16,"column":63}},"loc":{"start":{"line":17,"column":6},"end":{"line":17,"column":27}}}},"branchMap":{},"s":{"0":6,"1":6,"2":0,"3":1,"4":1,"5":0,"6":0,"7":0},"f":{"0":0,"1":1,"2":1,"3":0,"4":0,"5":0},"b":{}}
,"C:\\Users\\Rayane\\Desktop\\Rayane\\Recherche Emploi\\Alternance\\Metasense\\Test Technique\\todo-multirepo\\todo-backend\\src\\controllers\\projects.controller.ts": {"path":"C:\\Users\\Rayane\\Desktop\\Rayane\\Recherche Emploi\\Alternance\\Metasense\\Test Technique\\todo-multirepo\\todo-backend\\src\\controllers\\projects.controller.ts","statementMap":{"0":{"start":{"line":2,"column":0},"end":{"line":2,"column":62}},"1":{"start":{"line":4,"column":13},"end":{"line":19,"column":2}},"2":{"start":{"line":6,"column":4},"end":{"line":6,"column":61}},"3":{"start":{"line":8,"column":4},"end":{"line":9,"column":null}},"4":{"start":{"line":9,"column":6},"end":{"line":9,"column":29}},"5":{"start":{"line":12,"column":4},"end":{"line":13,"column":null}},"6":{"start":{"line":16,"column":4},"end":{"line":17,"column":null}},"7":{"start":{"line":17,"column":6},"end":{"line":17,"column":27}}},"fnMap":{"0":{"name":"(anonymous_0)","decl":{"start":{"line":5,"column":8},"end":{"line":5,"column":9}},"loc":{"start":{"line":6,"column":4},"end":{"line":6,"column":61}}},"1":{"name":"(anonymous_1)","decl":{"start":{"line":7,"column":10},"end":{"line":7,"column":11}},"loc":{"start":{"line":8,"column":4},"end":{"line":9,"column":null}}},"2":{"name":"(anonymous_2)","decl":{"start":{"line":8,"column":59},"end":{"line":8,"column":60}},"loc":{"start":{"line":9,"column":6},"end":{"line":9,"column":29}}},"3":{"name":"(anonymous_3)","decl":{"start":{"line":11,"column":10},"end":{"line":11,"column":11}},"loc":{"start":{"line":12,"column":4},"end":{"line":13,"column":null}}},"4":{"name":"(anonymous_4)","decl":{"start":{"line":15,"column":10},"end":{"line":15,"column":11}},"loc":{"start":{"line":16,"column":4},"end":{"line":17,"column":null}}},"5":{"name":"(anonymous_5)","decl":{"start":{"line":16,"column":59},"end":{"line":16,"column":62}},"loc":{"start":{"line":17,"column":6},"end":{"line":17,"column":27}}}},"branchMap":{},"s":{"0":6,"1":6,"2":1,"3":2,"4":2,"5":1,"6":1,"7":1},"f":{"0":1,"1":2,"2":2,"3":1,"4":1,"5":1},"b":{}}
,"C:\\Users\\Rayane\\Desktop\\Rayane\\Recherche Emploi\\Alternance\\Metasense\\Test Technique\\todo-multirepo\\todo-backend\\src\\controllers\\statuses.controller.ts": {"path":"C:\\Users\\Rayane\\Desktop\\Rayane\\Recherche Emploi\\Alternance\\Metasense\\Test Technique\\todo-multirepo\\todo-backend\\src\\controllers\\statuses.controller.ts","statementMap":{"0":{"start":{"line":3,"column":0},"end":{"line":3,"column":61}},"1":{"start":{"line":5,"column":13},"end":{"line":30,"column":2}},"2":{"start":{"line":7,"column":17},"end":{"line":7,"column":54}},"3":{"start":{"line":8,"column":4},"end":{"line":8,"column":19}},"4":{"start":{"line":12,"column":28},"end":{"line":12,"column":36}},"5":{"start":{"line":13,"column":19},"end":{"line":13,"column":71}},"6":{"start":{"line":14,"column":4},"end":{"line":14,"column":33}},"7":{"start":{"line":18,"column":28},"end":{"line":18,"column":36}},"8":{"start":{"line":19,"column":19},"end":{"line":22,"column":6}},"9":{"start":{"line":23,"column":4},"end":{"line":23,"column":21}},"10":{"start":{"line":27,"column":4},"end":{"line":27,"column":59}},"11":{"start":{"line":28,"column":4},"end":{"line":28,"column":26}}},"fnMap":{"0":{"name":"(anonymous_0)","decl":{"start":{"line":6,"column":8},"end":{"line":6,"column":13}},"loc":{"start":{"line":6,"column":46},"end":{"line":9,"column":3}}},"1":{"name":"(anonymous_1)","decl":{"start":{"line":11,"column":10},"end":{"line":11,"column":15}},"loc":{"start":{"line":11,"column":48},"end":{"line":15,"column":3}}},"2":{"name":"(anonymous_2)","decl":{"start":{"line":17,"column":10},"end":{"line":17,"column":15}},"loc":{"start":{"line":17,"column":48},"end":{"line":24,"column":3}}},"3":{"name":"(anonymous_3)","decl":{"start":{"line":26,"column":10},"end":{"line":26,"column":15}},"loc":{"start":{"line":26,"column":48},"end":{"line":29,"column":3}}}},"branchMap":{},"s":{"0":6,"1":6,"2":2,"3":2,"4":2,"5":2,"6":1,"7":0,"8":0,"9":0,"10":0,"11":0},"f":{"0":2,"1":2,"2":0,"3":0},"b":{}}
,"C:\\Users\\Rayane\\Desktop\\Rayane\\Recherche Emploi\\Alternance\\Metasense\\Test Technique\\todo-multirepo\\todo-backend\\src\\controllers\\task.controller.ts": {"path":"C:\\Users\\Rayane\\Desktop\\Rayane\\Recherche Emploi\\Alternance\\Metasense\\Test Technique\\todo-multirepo\\todo-backend\\src\\controllers\\task.controller.ts","statementMap":{"0":{"start":{"line":2,"column":0},"end":{"line":2,"column":55}},"1":{"start":{"line":4,"column":13},"end":{"line":33,"column":2}},"2":{"start":{"line":6,"column":19},"end":{"line":14,"column":6}},"3":{"start":{"line":15,"column":18},"end":{"line":15,"column":61}},"4":{"start":{"line":16,"column":4},"end":{"line":16,"column":20}},"5":{"start":{"line":20,"column":17},"end":{"line":20,"column":64}},"6":{"start":{"line":21,"column":4},"end":{"line":21,"column":31}},"7":{"start":{"line":25,"column":17},"end":{"line":25,"column":79}},"8":{"start":{"line":26,"column":4},"end":{"line":26,"column":19}},"9":{"start":{"line":30,"column":4},"end":{"line":30,"column":57}},"10":{"start":{"line":31,"column":4},"end":{"line":31,"column":26}}},"fnMap":{"0":{"name":"(anonymous_0)","decl":{"start":{"line":5,"column":8},"end":{"line":5,"column":13}},"loc":{"start":{"line":5,"column":46},"end":{"line":17,"column":3}}},"1":{"name":"(anonymous_1)","decl":{"start":{"line":19,"column":10},"end":{"line":19,"column":15}},"loc":{"start":{"line":19,"column":48},"end":{"line":22,"column":3}}},"2":{"name":"(anonymous_2)","decl":{"start":{"line":24,"column":10},"end":{"line":24,"column":15}},"loc":{"start":{"line":24,"column":48},"end":{"line":27,"column":3}}},"3":{"name":"(anonymous_3)","decl":{"start":{"line":29,"column":10},"end":{"line":29,"column":15}},"loc":{"start":{"line":29,"column":48},"end":{"line":32,"column":3}}}},"branchMap":{"0":{"loc":{"start":{"line":9,"column":19},"end":{"line":13,"column":19}},"type":"cond-expr","locations":[{"start":{"line":10,"column":10},"end":{"line":12,"column":44}},{"start":{"line":13,"column":10},"end":{"line":13,"column":19}}]},"1":{"loc":{"start":{"line":10,"column":10},"end":{"line":12,"column":44}},"type":"cond-expr","locations":[{"start":{"line":11,"column":13},"end":{"line":11,"column":46}},{"start":{"line":12,"column":12},"end":{"line":12,"column":44}}]}},"s":{"0":6,"1":6,"2":0,"3":0,"4":0,"5":1,"6":1,"7":2,"8":1,"9":1,"10":1},"f":{"0":0,"1":1,"2":2,"3":1},"b":{"0":[0,0],"1":[0,0]}}
,"C:\\Users\\Rayane\\Desktop\\Rayane\\Recherche Emploi\\Alternance\\Metasense\\Test Technique\\todo-multirepo\\todo-backend\\src\\middlewares\\auth.middleware.ts": {"path":"C:\\Users\\Rayane\\Desktop\\Rayane\\Recherche Emploi\\Alternance\\Metasense\\Test Technique\\todo-multirepo\\todo-backend\\src\\middlewares\\auth.middleware.ts","statementMap":{"0":{"start":{"line":10,"column":0},"end":{"line":10,"column":16}},"1":{"start":{"line":3,"column":0},"end":{"line":3,"column":31}},"2":{"start":{"line":4,"column":0},"end":{"line":4,"column":36}},"3":{"start":{"line":16,"column":17},"end":{"line":16,"column":42}},"4":{"start":{"line":17,"column":2},"end":{"line":20,"column":3}},"5":{"start":{"line":18,"column":4},"end":{"line":18,"column":55}},"6":{"start":{"line":19,"column":4},"end":{"line":19,"column":11}},"7":{"start":{"line":22,"column":20},"end":{"line":22,"column":37}},"8":{"start":{"line":23,"column":2},"end":{"line":29,"column":3}},"9":{"start":{"line":24,"column":20},"end":{"line":24,"column":72}},"10":{"start":{"line":25,"column":4},"end":{"line":25,"column":29}},"11":{"start":{"line":26,"column":4},"end":{"line":26,"column":11}},"12":{"start":{"line":28,"column":4},"end":{"line":28,"column":55}}},"fnMap":{"0":{"name":"authenticateJWT","decl":{"start":{"line":10,"column":16},"end":{"line":10,"column":31}},"loc":{"start":{"line":13,"column":20},"end":{"line":30,"column":1}}}},"branchMap":{"0":{"loc":{"start":{"line":17,"column":2},"end":{"line":20,"column":3}},"type":"if","locations":[{"start":{"line":17,"column":2},"end":{"line":20,"column":3}}]}},"s":{"0":6,"1":6,"2":6,"3":21,"4":21,"5":1,"6":1,"7":20,"8":20,"9":20,"10":16,"11":16,"12":4},"f":{"0":21},"b":{"0":[1]}}
,"C:\\Users\\Rayane\\Desktop\\Rayane\\Recherche Emploi\\Alternance\\Metasense\\Test Technique\\todo-multirepo\\todo-backend\\src\\middlewares\\error.middleware.ts": {"path":"C:\\Users\\Rayane\\Desktop\\Rayane\\Recherche Emploi\\Alternance\\Metasense\\Test Technique\\todo-multirepo\\todo-backend\\src\\middlewares\\error.middleware.ts","statementMap":{"0":{"start":{"line":2,"column":0},"end":{"line":2,"column":40}},"1":{"start":{"line":6,"column":40},"end":{"line":8,"column":1}},"2":{"start":{"line":7,"column":2},"end":{"line":7,"column":47}},"3":{"start":{"line":6,"column":13},"end":{"line":6,"column":40}},"4":{"start":{"line":11,"column":49},"end":{"line":53,"column":1}},"5":{"start":{"line":18,"column":2},"end":{"line":21,"column":3}},"6":{"start":{"line":19,"column":4},"end":{"line":19,"column":52}},"7":{"start":{"line":20,"column":4},"end":{"line":20,"column":11}},"8":{"start":{"line":24,"column":2},"end":{"line":27,"column":3}},"9":{"start":{"line":25,"column":4},"end":{"line":25,"column":49}},"10":{"start":{"line":26,"column":4},"end":{"line":26,"column":11}},"11":{"start":{"line":30,"column":2},"end":{"line":42,"column":3}},"12":{"start":{"line":31,"column":4},"end":{"line":41,"column":5}},"13":{"start":{"line":33,"column":8},"end":{"line":33,"column":62}},"14":{"start":{"line":34,"column":8},"end":{"line":34,"column":15}},"15":{"start":{"line":36,"column":8},"end":{"line":36,"column":59}},"16":{"start":{"line":37,"column":8},"end":{"line":37,"column":15}},"17":{"start":{"line":39,"column":8},"end":{"line":39,"column":70}},"18":{"start":{"line":40,"column":8},"end":{"line":40,"column":15}},"19":{"start":{"line":45,"column":2},"end":{"line":48,"column":3}},"20":{"start":{"line":46,"column":4},"end":{"line":46,"column":64}},"21":{"start":{"line":47,"column":4},"end":{"line":47,"column":11}},"22":{"start":{"line":51,"column":2},"end":{"line":51,"column":21}},"23":{"start":{"line":52,"column":2},"end":{"line":52,"column":50}},"24":{"start":{"line":11,"column":13},"end":{"line":11,"column":49}}},"fnMap":{"0":{"name":"(anonymous_0)","decl":{"start":{"line":6,"column":40},"end":{"line":6,"column":41}},"loc":{"start":{"line":6,"column":60},"end":{"line":8,"column":1}}},"1":{"name":"(anonymous_1)","decl":{"start":{"line":11,"column":49},"end":{"line":11,"column":null}},"loc":{"start":{"line":16,"column":10},"end":{"line":53,"column":1}}}},"branchMap":{"0":{"loc":{"start":{"line":18,"column":2},"end":{"line":21,"column":3}},"type":"if","locations":[{"start":{"line":18,"column":2},"end":{"line":21,"column":3}}]},"1":{"loc":{"start":{"line":18,"column":6},"end":{"line":18,"column":64}},"type":"binary-expr","locations":[{"start":{"line":18,"column":6},"end":{"line":18,"column":28}},{"start":{"line":18,"column":32},"end":{"line":18,"column":64}}]},"2":{"loc":{"start":{"line":24,"column":2},"end":{"line":27,"column":3}},"type":"if","locations":[{"start":{"line":24,"column":2},"end":{"line":27,"column":3}}]},"3":{"loc":{"start":{"line":30,"column":2},"end":{"line":42,"column":3}},"type":"if","locations":[{"start":{"line":30,"column":2},"end":{"line":42,"column":3}}]},"4":{"loc":{"start":{"line":31,"column":4},"end":{"line":41,"column":5}},"type":"switch","locations":[{"start":{"line":32,"column":6},"end":{"line":34,"column":15}},{"start":{"line":35,"column":6},"end":{"line":37,"column":15}},{"start":{"line":38,"column":6},"end":{"line":40,"column":15}}]},"5":{"loc":{"start":{"line":45,"column":2},"end":{"line":48,"column":3}},"type":"if","locations":[{"start":{"line":45,"column":2},"end":{"line":48,"column":3}}]},"6":{"loc":{"start":{"line":46,"column":34},"end":{"line":46,"column":60}},"type":"binary-expr","locations":[{"start":{"line":46,"column":34},"end":{"line":46,"column":45}},{"start":{"line":46,"column":49},"end":{"line":46,"column":60}}]}},"s":{"0":6,"1":6,"2":0,"3":6,"4":6,"5":2,"6":0,"7":0,"8":2,"9":0,"10":0,"11":2,"12":2,"13":1,"14":1,"15":1,"16":1,"17":0,"18":0,"19":0,"20":0,"21":0,"22":0,"23":0,"24":6},"f":{"0":0,"1":2},"b":{"0":[0],"1":[2,2],"2":[0],"3":[2],"4":[1,1,0],"5":[0],"6":[0,0]}}
,"C:\\Users\\Rayane\\Desktop\\Rayane\\Recherche Emploi\\Alternance\\Metasense\\Test Technique\\todo-multirepo\\todo-backend\\src\\middlewares\\validate.middleware.ts": {"path":"C:\\Users\\Rayane\\Desktop\\Rayane\\Recherche Emploi\\Alternance\\Metasense\\Test Technique\\todo-multirepo\\todo-backend\\src\\middlewares\\validate.middleware.ts","statementMap":{"0":{"start":{"line":6,"column":2},"end":{"line":15,"column":3}},"1":{"start":{"line":7,"column":2},"end":{"line":15,"column":3}},"2":{"start":{"line":8,"column":19},"end":{"line":8,"column":45}},"3":{"start":{"line":9,"column":4},"end":{"line":12,"column":5}},"4":{"start":{"line":10,"column":6},"end":{"line":10,"column":63}},"5":{"start":{"line":11,"column":6},"end":{"line":11,"column":13}},"6":{"start":{"line":13,"column":4},"end":{"line":13,"column":27}},"7":{"start":{"line":14,"column":4},"end":{"line":14,"column":11}},"8":{"start":{"line":5,"column":13},"end":{"line":5,"column":null}}},"fnMap":{"0":{"name":"(anonymous_0)","decl":{"start":{"line":6,"column":2},"end":{"line":6,"column":3}},"loc":{"start":{"line":7,"column":2},"end":{"line":15,"column":3}}},"1":{"name":"(anonymous_1)","decl":{"start":{"line":7,"column":2},"end":{"line":7,"column":3}},"loc":{"start":{"line":7,"column":60},"end":{"line":15,"column":3}}}},"branchMap":{"0":{"loc":{"start":{"line":9,"column":4},"end":{"line":12,"column":5}},"type":"if","locations":[{"start":{"line":9,"column":4},"end":{"line":12,"column":5}}]}},"s":{"0":6,"1":54,"2":17,"3":17,"4":2,"5":2,"6":15,"7":15,"8":6},"f":{"0":54,"1":17},"b":{"0":[2]}}
,"C:\\Users\\Rayane\\Desktop\\Rayane\\Recherche Emploi\\Alternance\\Metasense\\Test Technique\\todo-multirepo\\todo-backend\\src\\routes\\auth.routes.ts": {"path":"C:\\Users\\Rayane\\Desktop\\Rayane\\Recherche Emploi\\Alternance\\Metasense\\Test Technique\\todo-multirepo\\todo-backend\\src\\routes\\auth.routes.ts","statementMap":{"0":{"start":{"line":1,"column":0},"end":{"line":1,"column":33}},"1":{"start":{"line":2,"column":0},"end":{"line":2,"column":65}},"2":{"start":{"line":3,"column":0},"end":{"line":3,"column":62}},"3":{"start":{"line":4,"column":0},"end":{"line":4,"column":59}},"4":{"start":{"line":6,"column":13},"end":{"line":6,"column":35}},"5":{"start":{"line":7,"column":0},"end":{"line":7,"column":33}},"6":{"start":{"line":8,"column":0},"end":{"line":8,"column":65}}},"fnMap":{},"branchMap":{},"s":{"0":6,"1":6,"2":6,"3":6,"4":6,"5":6,"6":6},"f":{},"b":{}}
,"C:\\Users\\Rayane\\Desktop\\Rayane\\Recherche Emploi\\Alternance\\Metasense\\Test Technique\\todo-multirepo\\todo-backend\\src\\routes\\categories.routes.ts": {"path":"C:\\Users\\Rayane\\Desktop\\Rayane\\Recherche Emploi\\Alternance\\Metasense\\Test Technique\\todo-multirepo\\todo-backend\\src\\routes\\categories.routes.ts","statementMap":{"0":{"start":{"line":1,"column":0},"end":{"line":1,"column":33}},"1":{"start":{"line":2,"column":0},"end":{"line":2,"column":74}},"2":{"start":{"line":3,"column":0},"end":{"line":3,"column":65}},"3":{"start":{"line":4,"column":0},"end":{"line":4,"column":62}},"4":{"start":{"line":5,"column":0},"end":{"line":5,"column":53}},"5":{"start":{"line":6,"column":0},"end":{"line":6,"column":null}},"6":{"start":{"line":11,"column":13},"end":{"line":11,"column":39}},"7":{"start":{"line":13,"column":0},"end":{"line":13,"column":36}},"8":{"start":{"line":15,"column":0},"end":{"line":15,"column":63}},"9":{"start":{"line":17,"column":0},"end":{"line":21,"column":2}},"10":{"start":{"line":23,"column":0},"end":{"line":27,"column":2}},"11":{"start":{"line":29,"column":0},"end":{"line":29,"column":71}}},"fnMap":{},"branchMap":{},"s":{"0":6,"1":6,"2":6,"3":6,"4":6,"5":6,"6":6,"7":6,"8":6,"9":6,"10":6,"11":6},"f":{},"b":{}}
,"C:\\Users\\Rayane\\Desktop\\Rayane\\Recherche Emploi\\Alternance\\Metasense\\Test Technique\\todo-multirepo\\todo-backend\\src\\routes\\projects.routes.ts": {"path":"C:\\Users\\Rayane\\Desktop\\Rayane\\Recherche Emploi\\Alternance\\Metasense\\Test Technique\\todo-multirepo\\todo-backend\\src\\routes\\projects.routes.ts","statementMap":{"0":{"start":{"line":1,"column":0},"end":{"line":1,"column":33}},"1":{"start":{"line":2,"column":0},"end":{"line":2,"column":71}},"2":{"start":{"line":3,"column":0},"end":{"line":3,"column":65}},"3":{"start":{"line":4,"column":0},"end":{"line":4,"column":62}},"4":{"start":{"line":5,"column":0},"end":{"line":5,"column":53}},"5":{"start":{"line":6,"column":0},"end":{"line":6,"column":null}},"6":{"start":{"line":11,"column":13},"end":{"line":11,"column":38}},"7":{"start":{"line":13,"column":0},"end":{"line":13,"column":35}},"8":{"start":{"line":15,"column":0},"end":{"line":15,"column":61}},"9":{"start":{"line":17,"column":0},"end":{"line":21,"column":2}},"10":{"start":{"line":23,"column":0},"end":{"line":27,"column":2}},"11":{"start":{"line":29,"column":0},"end":{"line":29,"column":69}}},"fnMap":{},"branchMap":{},"s":{"0":6,"1":6,"2":6,"3":6,"4":6,"5":6,"6":6,"7":6,"8":6,"9":6,"10":6,"11":6},"f":{},"b":{}}
,"C:\\Users\\Rayane\\Desktop\\Rayane\\Recherche Emploi\\Alternance\\Metasense\\Test Technique\\todo-multirepo\\todo-backend\\src\\routes\\statuses.routes.ts": {"path":"C:\\Users\\Rayane\\Desktop\\Rayane\\Recherche Emploi\\Alternance\\Metasense\\Test Technique\\todo-multirepo\\todo-backend\\src\\routes\\statuses.routes.ts","statementMap":{"0":{"start":{"line":1,"column":0},"end":{"line":1,"column":33}},"1":{"start":{"line":2,"column":0},"end":{"line":2,"column":70}},"2":{"start":{"line":3,"column":0},"end":{"line":3,"column":65}},"3":{"start":{"line":4,"column":0},"end":{"line":4,"column":53}},"4":{"start":{"line":6,"column":0},"end":{"line":6,"column":null}},"5":{"start":{"line":10,"column":0},"end":{"line":10,"column":62}},"6":{"start":{"line":12,"column":13},"end":{"line":12,"column":37}},"7":{"start":{"line":14,"column":0},"end":{"line":14,"column":34}},"8":{"start":{"line":16,"column":0},"end":{"line":16,"column":59}},"9":{"start":{"line":18,"column":0},"end":{"line":22,"column":2}},"10":{"start":{"line":24,"column":0},"end":{"line":28,"column":2}},"11":{"start":{"line":30,"column":0},"end":{"line":30,"column":67}}},"fnMap":{},"branchMap":{},"s":{"0":6,"1":6,"2":6,"3":6,"4":6,"5":6,"6":6,"7":6,"8":6,"9":6,"10":6,"11":6},"f":{},"b":{}}
,"C:\\Users\\Rayane\\Desktop\\Rayane\\Recherche Emploi\\Alternance\\Metasense\\Test Technique\\todo-multirepo\\todo-backend\\src\\routes\\task.routes.ts": {"path":"C:\\Users\\Rayane\\Desktop\\Rayane\\Recherche Emploi\\Alternance\\Metasense\\Test Technique\\todo-multirepo\\todo-backend\\src\\routes\\task.routes.ts","statementMap":{"0":{"start":{"line":1,"column":0},"end":{"line":1,"column":33}},"1":{"start":{"line":2,"column":0},"end":{"line":2,"column":64}},"2":{"start":{"line":3,"column":0},"end":{"line":3,"column":65}},"3":{"start":{"line":4,"column":0},"end":{"line":4,"column":62}},"4":{"start":{"line":5,"column":0},"end":{"line":5,"column":53}},"5":{"start":{"line":6,"column":0},"end":{"line":6,"column":79}},"6":{"start":{"line":8,"column":13},"end":{"line":8,"column":35}},"7":{"start":{"line":10,"column":0},"end":{"line":10,"column":32}},"8":{"start":{"line":13,"column":0},"end":{"line":13,"column":55}},"9":{"start":{"line":15,"column":0},"end":{"line":19,"column":2}},"10":{"start":{"line":21,"column":0},"end":{"line":25,"column":2}},"11":{"start":{"line":27,"column":0},"end":{"line":27,"column":63}}},"fnMap":{},"branchMap":{},"s":{"0":6,"1":6,"2":6,"3":6,"4":6,"5":6,"6":6,"7":6,"8":6,"9":6,"10":6,"11":6},"f":{},"b":{}}
,"C:\\Users\\Rayane\\Desktop\\Rayane\\Recherche Emploi\\Alternance\\Metasense\\Test Technique\\todo-multirepo\\todo-backend\\src\\services\\auth.service.ts": {"path":"C:\\Users\\Rayane\\Desktop\\Rayane\\Recherche Emploi\\Alternance\\Metasense\\Test Technique\\todo-multirepo\\todo-backend\\src\\services\\auth.service.ts","statementMap":{"0":{"start":{"line":1,"column":0},"end":{"line":1,"column":31}},"1":{"start":{"line":2,"column":0},"end":{"line":2,"column":36}},"2":{"start":{"line":3,"column":0},"end":{"line":3,"column":35}},"3":{"start":{"line":4,"column":0},"end":{"line":4,"column":43}},"4":{"start":{"line":5,"column":0},"end":{"line":5,"column":54}},"5":{"start":{"line":7,"column":13},"end":{"line":34,"column":2}},"6":{"start":{"line":10,"column":19},"end":{"line":10,"column":69}},"7":{"start":{"line":11,"column":4},"end":{"line":11,"column":47}},"8":{"start":{"line":11,"column":16},"end":{"line":11,"column":47}},"9":{"start":{"line":12,"column":17},"end":{"line":18,"column":6}},"10":{"start":{"line":19,"column":4},"end":{"line":19,"column":36}},"11":{"start":{"line":20,"column":4},"end":{"line":20,"column":16}},"12":{"start":{"line":25,"column":17},"end":{"line":25,"column":67}},"13":{"start":{"line":26,"column":4},"end":{"line":27,"column":45}},"14":{"start":{"line":27,"column":6},"end":{"line":27,"column":45}},"15":{"start":{"line":29,"column":18},"end":{"line":31,"column":6}},"16":{"start":{"line":32,"column":4},"end":{"line":32,"column":27}}},"fnMap":{"0":{"name":"(anonymous_1)","decl":{"start":{"line":9,"column":2},"end":{"line":9,"column":7}},"loc":{"start":{"line":9,"column":63},"end":{"line":21,"column":3}}},"1":{"name":"(anonymous_2)","decl":{"start":{"line":24,"column":2},"end":{"line":24,"column":7}},"loc":{"start":{"line":24,"column":45},"end":{"line":33,"column":3}}}},"branchMap":{"0":{"loc":{"start":{"line":11,"column":4},"end":{"line":11,"column":47}},"type":"if","locations":[{"start":{"line":11,"column":4},"end":{"line":11,"column":47}}]},"1":{"loc":{"start":{"line":26,"column":4},"end":{"line":27,"column":45}},"type":"if","locations":[{"start":{"line":26,"column":4},"end":{"line":27,"column":45}}]},"2":{"loc":{"start":{"line":26,"column":8},"end":{"line":26,"column":65}},"type":"binary-expr","locations":[{"start":{"line":26,"column":8},"end":{"line":26,"column":13}},{"start":{"line":26,"column":17},"end":{"line":26,"column":65}}]}},"s":{"0":6,"1":6,"2":6,"3":6,"4":6,"5":6,"6":6,"7":6,"8":0,"9":6,"10":6,"11":6,"12":6,"13":6,"14":0,"15":6,"16":6},"f":{"0":6,"1":6},"b":{"0":[0],"1":[0],"2":[6,6]}}
,"C:\\Users\\Rayane\\Desktop\\Rayane\\Recherche Emploi\\Alternance\\Metasense\\Test Technique\\todo-multirepo\\todo-backend\\src\\services\\categories.service.ts": {"path":"C:\\Users\\Rayane\\Desktop\\Rayane\\Recherche Emploi\\Alternance\\Metasense\\Test Technique\\todo-multirepo\\todo-backend\\src\\services\\categories.service.ts","statementMap":{"0":{"start":{"line":1,"column":0},"end":{"line":1,"column":35}},"1":{"start":{"line":3,"column":13},"end":{"line":19,"column":2}},"2":{"start":{"line":5,"column":4},"end":{"line":5,"column":59}},"3":{"start":{"line":9,"column":4},"end":{"line":9,"column":69}},"4":{"start":{"line":13,"column":4},"end":{"line":13,"column":67}},"5":{"start":{"line":17,"column":4},"end":{"line":17,"column":61}}},"fnMap":{"0":{"name":"(anonymous_0)","decl":{"start":{"line":4,"column":2},"end":{"line":4,"column":6}},"loc":{"start":{"line":4,"column":21},"end":{"line":6,"column":3}}},"1":{"name":"(anonymous_1)","decl":{"start":{"line":8,"column":2},"end":{"line":8,"column":8}},"loc":{"start":{"line":8,"column":52},"end":{"line":10,"column":3}}},"2":{"name":"(anonymous_2)","decl":{"start":{"line":12,"column":2},"end":{"line":12,"column":8}},"loc":{"start":{"line":12,"column":46},"end":{"line":14,"column":3}}},"3":{"name":"(anonymous_3)","decl":{"start":{"line":16,"column":2},"end":{"line":16,"column":8}},"loc":{"start":{"line":16,"column":35},"end":{"line":18,"column":3}}}},"branchMap":{},"s":{"0":6,"1":6,"2":0,"3":1,"4":0,"5":0},"f":{"0":0,"1":1,"2":0,"3":0},"b":{}}
,"C:\\Users\\Rayane\\Desktop\\Rayane\\Recherche Emploi\\Alternance\\Metasense\\Test Technique\\todo-multirepo\\todo-backend\\src\\services\\projects.service.ts": {"path":"C:\\Users\\Rayane\\Desktop\\Rayane\\Recherche Emploi\\Alternance\\Metasense\\Test Technique\\todo-multirepo\\todo-backend\\src\\services\\projects.service.ts","statementMap":{"0":{"start":{"line":1,"column":0},"end":{"line":1,"column":35}},"1":{"start":{"line":3,"column":13},"end":{"line":16,"column":2}},"2":{"start":{"line":5,"column":4},"end":{"line":5,"column":58}},"3":{"start":{"line":8,"column":4},"end":{"line":8,"column":61}},"4":{"start":{"line":11,"column":4},"end":{"line":11,"column":66}},"5":{"start":{"line":14,"column":4},"end":{"line":14,"column":60}}},"fnMap":{"0":{"name":"(anonymous_0)","decl":{"start":{"line":4,"column":2},"end":{"line":4,"column":6}},"loc":{"start":{"line":4,"column":21},"end":{"line":6,"column":3}}},"1":{"name":"(anonymous_1)","decl":{"start":{"line":7,"column":2},"end":{"line":7,"column":8}},"loc":{"start":{"line":7,"column":37},"end":{"line":9,"column":3}}},"2":{"name":"(anonymous_2)","decl":{"start":{"line":10,"column":2},"end":{"line":10,"column":8}},"loc":{"start":{"line":10,"column":46},"end":{"line":12,"column":3}}},"3":{"name":"(anonymous_3)","decl":{"start":{"line":13,"column":2},"end":{"line":13,"column":8}},"loc":{"start":{"line":13,"column":35},"end":{"line":15,"column":3}}}},"branchMap":{},"s":{"0":6,"1":6,"2":1,"3":2,"4":1,"5":1},"f":{"0":1,"1":2,"2":1,"3":1},"b":{}}
,"C:\\Users\\Rayane\\Desktop\\Rayane\\Recherche Emploi\\Alternance\\Metasense\\Test Technique\\todo-multirepo\\todo-backend\\src\\services\\statuses.service.ts": {"path":"C:\\Users\\Rayane\\Desktop\\Rayane\\Recherche Emploi\\Alternance\\Metasense\\Test Technique\\todo-multirepo\\todo-backend\\src\\services\\statuses.service.ts","statementMap":{"0":{"start":{"line":1,"column":0},"end":{"line":1,"column":35}},"1":{"start":{"line":3,"column":13},"end":{"line":16,"column":2}},"2":{"start":{"line":5,"column":4},"end":{"line":5,"column":57}},"3":{"start":{"line":8,"column":4},"end":{"line":8,"column":67}},"4":{"start":{"line":11,"column":4},"end":{"line":11,"column":65}},"5":{"start":{"line":14,"column":4},"end":{"line":14,"column":59}}},"fnMap":{"0":{"name":"(anonymous_0)","decl":{"start":{"line":4,"column":2},"end":{"line":4,"column":6}},"loc":{"start":{"line":4,"column":21},"end":{"line":6,"column":3}}},"1":{"name":"(anonymous_1)","decl":{"start":{"line":7,"column":2},"end":{"line":7,"column":8}},"loc":{"start":{"line":7,"column":52},"end":{"line":9,"column":3}}},"2":{"name":"(anonymous_2)","decl":{"start":{"line":10,"column":2},"end":{"line":10,"column":8}},"loc":{"start":{"line":10,"column":46},"end":{"line":12,"column":3}}},"3":{"name":"(anonymous_3)","decl":{"start":{"line":13,"column":2},"end":{"line":13,"column":8}},"loc":{"start":{"line":13,"column":35},"end":{"line":15,"column":3}}}},"branchMap":{},"s":{"0":6,"1":6,"2":2,"3":2,"4":0,"5":0},"f":{"0":2,"1":2,"2":0,"3":0},"b":{}}
,"C:\\Users\\Rayane\\Desktop\\Rayane\\Recherche Emploi\\Alternance\\Metasense\\Test Technique\\todo-multirepo\\todo-backend\\src\\services\\task.service.ts": {"path":"C:\\Users\\Rayane\\Desktop\\Rayane\\Recherche Emploi\\Alternance\\Metasense\\Test Technique\\todo-multirepo\\todo-backend\\src\\services\\task.service.ts","statementMap":{"0":{"start":{"line":1,"column":0},"end":{"line":1,"column":35}},"1":{"start":{"line":3,"column":13},"end":{"line":48,"column":2}},"2":{"start":{"line":5,"column":4},"end":{"line":16,"column":7}},"3":{"start":{"line":20,"column":42},"end":{"line":20,"column":46}},"4":{"start":{"line":21,"column":4},"end":{"line":28,"column":7}},"5":{"start":{"line":25,"column":64},"end":{"line":25,"column":70}},"6":{"start":{"line":32,"column":37},"end":{"line":32,"column":41}},"7":{"start":{"line":33,"column":4},"end":{"line":42,"column":7}},"8":{"start":{"line":38,"column":52},"end":{"line":38,"column":58}},"9":{"start":{"line":46,"column":4},"end":{"line":46,"column":57}}},"fnMap":{"0":{"name":"(anonymous_0)","decl":{"start":{"line":4,"column":2},"end":{"line":4,"column":6}},"loc":{"start":{"line":4,"column":34},"end":{"line":17,"column":3}}},"1":{"name":"(anonymous_1)","decl":{"start":{"line":19,"column":2},"end":{"line":19,"column":8}},"loc":{"start":{"line":19,"column":34},"end":{"line":29,"column":3}}},"2":{"name":"(anonymous_2)","decl":{"start":{"line":25,"column":47},"end":{"line":25,"column":48}},"loc":{"start":{"line":25,"column":64},"end":{"line":25,"column":70}}},"3":{"name":"(anonymous_3)","decl":{"start":{"line":31,"column":2},"end":{"line":31,"column":8}},"loc":{"start":{"line":31,"column":46},"end":{"line":43,"column":3}}},"4":{"name":"(anonymous_4)","decl":{"start":{"line":38,"column":35},"end":{"line":38,"column":36}},"loc":{"start":{"line":38,"column":52},"end":{"line":38,"column":58}}},"5":{"name":"(anonymous_5)","decl":{"start":{"line":45,"column":2},"end":{"line":45,"column":8}},"loc":{"start":{"line":45,"column":35},"end":{"line":47,"column":3}}}},"branchMap":{"0":{"loc":{"start":{"line":8,"column":19},"end":{"line":8,"column":48}},"type":"binary-expr","locations":[{"start":{"line":8,"column":19},"end":{"line":8,"column":35}},{"start":{"line":8,"column":39},"end":{"line":8,"column":48}}]},"1":{"loc":{"start":{"line":9,"column":18},"end":{"line":9,"column":46}},"type":"binary-expr","locations":[{"start":{"line":9,"column":18},"end":{"line":9,"column":33}},{"start":{"line":9,"column":37},"end":{"line":9,"column":46}}]},"2":{"loc":{"start":{"line":10,"column":20},"end":{"line":12,"column":21}},"type":"cond-expr","locations":[{"start":{"line":11,"column":12},"end":{"line":11,"column":56}},{"start":{"line":12,"column":12},"end":{"line":12,"column":21}}]},"3":{"loc":{"start":{"line":20,"column":12},"end":{"line":20,"column":28}},"type":"default-arg","locations":[{"start":{"line":20,"column":26},"end":{"line":20,"column":28}}]},"4":{"loc":{"start":{"line":37,"column":20},"end":{"line":39,"column":21}},"type":"cond-expr","locations":[{"start":{"line":38,"column":12},"end":{"line":38,"column":62}},{"start":{"line":39,"column":12},"end":{"line":39,"column":21}}]}},"s":{"0":6,"1":6,"2":0,"3":1,"4":1,"5":0,"6":2,"7":2,"8":0,"9":1},"f":{"0":0,"1":1,"2":0,"3":2,"4":0,"5":1},"b":{"0":[0,0],"1":[0,0],"2":[0,0],"3":[1],"4":[0,2]}}
,"C:\\Users\\Rayane\\Desktop\\Rayane\\Recherche Emploi\\Alternance\\Metasense\\Test Technique\\todo-multirepo\\todo-backend\\src\\utils\\asyncHandler.ts": {"path":"C:\\Users\\Rayane\\Desktop\\Rayane\\Recherche Emploi\\Alternance\\Metasense\\Test Technique\\todo-multirepo\\todo-backend\\src\\utils\\asyncHandler.ts","statementMap":{"0":{"start":{"line":9,"column":2},"end":{"line":11,"column":51}},"1":{"start":{"line":10,"column":2},"end":{"line":11,"column":51}},"2":{"start":{"line":11,"column":4},"end":{"line":11,"column":51}},"3":{"start":{"line":8,"column":13},"end":{"line":8,"column":null}}},"fnMap":{"0":{"name":"(anonymous_0)","decl":{"start":{"line":9,"column":2},"end":{"line":9,"column":3}},"loc":{"start":{"line":10,"column":2},"end":{"line":11,"column":51}}},"1":{"name":"(anonymous_1)","decl":{"start":{"line":10,"column":2},"end":{"line":10,"column":3}},"loc":{"start":{"line":11,"column":4},"end":{"line":11,"column":51}}}},"branchMap":{},"s":{"0":6,"1":108,"2":26,"3":6},"f":{"0":108,"1":26},"b":{}}
,"C:\\Users\\Rayane\\Desktop\\Rayane\\Recherche Emploi\\Alternance\\Metasense\\Test Technique\\todo-multirepo\\todo-backend\\src\\utils\\password.ts": {"path":"C:\\Users\\Rayane\\Desktop\\Rayane\\Recherche Emploi\\Alternance\\Metasense\\Test Technique\\todo-multirepo\\todo-backend\\src\\utils\\password.ts","statementMap":{"0":{"start":{"line":1,"column":0},"end":{"line":1,"column":28}},"1":{"start":{"line":2,"column":20},"end":{"line":2,"column":22}},"2":{"start":{"line":3,"column":23},"end":{"line":3,"column":73}},"3":{"start":{"line":3,"column":42},"end":{"line":3,"column":73}},"4":{"start":{"line":3,"column":13},"end":{"line":3,"column":23}},"5":{"start":{"line":4,"column":24},"end":{"line":5,"column":29}},"6":{"start":{"line":5,"column":2},"end":{"line":5,"column":29}},"7":{"start":{"line":4,"column":13},"end":{"line":4,"column":24}}},"fnMap":{"0":{"name":"(anonymous_1)","decl":{"start":{"line":3,"column":23},"end":{"line":3,"column":24}},"loc":{"start":{"line":3,"column":42},"end":{"line":3,"column":73}}},"1":{"name":"(anonymous_2)","decl":{"start":{"line":4,"column":24},"end":{"line":4,"column":25}},"loc":{"start":{"line":5,"column":2},"end":{"line":5,"column":29}}}},"branchMap":{},"s":{"0":6,"1":6,"2":6,"3":6,"4":6,"5":6,"6":6,"7":6},"f":{"0":6,"1":6},"b":{}}
,"C:\\Users\\Rayane\\Desktop\\Rayane\\Recherche Emploi\\Alternance\\Metasense\\Test Technique\\todo-multirepo\\todo-backend\\src\\validators\\auth.schema.ts": {"path":"C:\\Users\\Rayane\\Desktop\\Rayane\\Recherche Emploi\\Alternance\\Metasense\\Test Technique\\todo-multirepo\\todo-backend\\src\\validators\\auth.schema.ts","statementMap":{"0":{"start":{"line":1,"column":0},"end":{"line":1,"column":24}},"1":{"start":{"line":3,"column":13},"end":{"line":7,"column":3}}},"fnMap":{},"branchMap":{},"s":{"0":6,"1":6},"f":{},"b":{}}
,"C:\\Users\\Rayane\\Desktop\\Rayane\\Recherche Emploi\\Alternance\\Metasense\\Test Technique\\todo-multirepo\\todo-backend\\src\\validators\\category.schema.ts": {"path":"C:\\Users\\Rayane\\Desktop\\Rayane\\Recherche Emploi\\Alternance\\Metasense\\Test Technique\\todo-multirepo\\todo-backend\\src\\validators\\category.schema.ts","statementMap":{"0":{"start":{"line":1,"column":0},"end":{"line":1,"column":24}},"1":{"start":{"line":3,"column":13},"end":{"line":10,"column":3}},"2":{"start":{"line":12,"column":13},"end":{"line":12,"column":67}}},"fnMap":{},"branchMap":{},"s":{"0":6,"1":6,"2":6},"f":{},"b":{}}
,"C:\\Users\\Rayane\\Desktop\\Rayane\\Recherche Emploi\\Alternance\\Metasense\\Test Technique\\todo-multirepo\\todo-backend\\src\\validators\\project.schema.ts": {"path":"C:\\Users\\Rayane\\Desktop\\Rayane\\Recherche Emploi\\Alternance\\Metasense\\Test Technique\\todo-multirepo\\todo-backend\\src\\validators\\project.schema.ts","statementMap":{"0":{"start":{"line":1,"column":0},"end":{"line":1,"column":24}},"1":{"start":{"line":3,"column":13},"end":{"line":5,"column":3}},"2":{"start":{"line":7,"column":13},"end":{"line":7,"column":65}}},"fnMap":{},"branchMap":{},"s":{"0":6,"1":6,"2":6},"f":{},"b":{}}
,"C:\\Users\\Rayane\\Desktop\\Rayane\\Recherche Emploi\\Alternance\\Metasense\\Test Technique\\todo-multirepo\\todo-backend\\src\\validators\\status.schema.ts": {"path":"C:\\Users\\Rayane\\Desktop\\Rayane\\Recherche Emploi\\Alternance\\Metasense\\Test Technique\\todo-multirepo\\todo-backend\\src\\validators\\status.schema.ts","statementMap":{"0":{"start":{"line":1,"column":0},"end":{"line":1,"column":24}},"1":{"start":{"line":3,"column":13},"end":{"line":10,"column":3}},"2":{"start":{"line":12,"column":13},"end":{"line":12,"column":63}}},"fnMap":{},"branchMap":{},"s":{"0":6,"1":6,"2":6},"f":{},"b":{}}
,"C:\\Users\\Rayane\\Desktop\\Rayane\\Recherche Emploi\\Alternance\\Metasense\\Test Technique\\todo-multirepo\\todo-backend\\src\\validators\\task.schema.ts": {"path":"C:\\Users\\Rayane\\Desktop\\Rayane\\Recherche Emploi\\Alternance\\Metasense\\Test Technique\\todo-multirepo\\todo-backend\\src\\validators\\task.schema.ts","statementMap":{"0":{"start":{"line":1,"column":0},"end":{"line":1,"column":24}},"1":{"start":{"line":3,"column":13},"end":{"line":9,"column":3}},"2":{"start":{"line":11,"column":13},"end":{"line":11,"column":59}}},"fnMap":{},"branchMap":{},"s":{"0":6,"1":6,"2":6},"f":{},"b":{}}
}
