TN:
SF:src\prisma.ts
FNF:0
FNH:0
DA:1,6
DA:2,6
LF:2
LH:2
BRF:0
BRH:0
end_of_record
TN:
SF:src\seed.ts
FN:5,seedUserDefaults
FNF:1
FNH:1
FNDA:6,seedUserDefaults
DA:2,6
DA:3,6
DA:5,6
DA:7,6
DA:20,6
DA:25,6
DA:30,6
DA:54,6
LF:8
LH:8
BRF:0
BRH:0
end_of_record
TN:
SF:src\server.ts
FN:28,(anonymous_1)
FN:35,(anonymous_2)
FNF:2
FNH:0
FNDA:0,(anonymous_1)
FNDA:0,(anonymous_2)
DA:1,6
DA:2,6
DA:3,6
DA:4,6
DA:5,6
DA:6,6
DA:7,6
DA:8,6
DA:11,6
DA:18,6
DA:19,6
DA:20,6
DA:21,6
DA:22,6
DA:23,6
DA:24,6
DA:25,6
DA:26,6
DA:27,6
DA:28,6
DA:29,0
DA:32,6
DA:34,0
DA:35,0
DA:38,6
LF:25
LH:22
BRDA:12,0,0,6
BRDA:12,0,1,6
BRDA:32,1,0,0
BRDA:34,2,0,0
BRDA:34,2,1,0
BRF:5
BRH:2
end_of_record
TN:
SF:src\config\env.ts
FNF:0
FNH:0
DA:1,6
DA:2,6
DA:4,6
DA:11,6
LF:4
LH:4
BRF:0
BRH:0
end_of_record
TN:
SF:src\controllers\auth.controller.ts
FN:5,(anonymous_0)
FN:11,(anonymous_1)
FNF:2
FNH:2
FNDA:6,(anonymous_0)
FNDA:6,(anonymous_1)
DA:2,6
DA:3,6
DA:5,6
DA:6,6
DA:7,6
DA:8,6
DA:11,6
DA:12,6
DA:13,6
DA:14,6
LF:10
LH:10
BRF:0
BRH:0
end_of_record
TN:
SF:src\controllers\categories.controller.ts
FN:5,(anonymous_0)
FN:7,(anonymous_1)
FN:9,(anonymous_2)
FN:11,(anonymous_3)
FN:15,(anonymous_4)
FN:16,(anonymous_5)
FNF:6
FNH:2
FNDA:0,(anonymous_0)
FNDA:1,(anonymous_1)
FNDA:1,(anonymous_2)
FNDA:0,(anonymous_3)
FNDA:0,(anonymous_4)
FNDA:0,(anonymous_5)
DA:2,6
DA:4,6
DA:6,0
DA:8,1
DA:9,1
DA:12,0
DA:16,0
DA:17,0
LF:8
LH:4
BRF:0
BRH:0
end_of_record
TN:
SF:src\controllers\projects.controller.ts
FN:5,(anonymous_0)
FN:7,(anonymous_1)
FN:8,(anonymous_2)
FN:11,(anonymous_3)
FN:15,(anonymous_4)
FN:16,(anonymous_5)
FNF:6
FNH:6
FNDA:1,(anonymous_0)
FNDA:2,(anonymous_1)
FNDA:2,(anonymous_2)
FNDA:1,(anonymous_3)
FNDA:1,(anonymous_4)
FNDA:1,(anonymous_5)
DA:2,6
DA:4,6
DA:6,1
DA:8,2
DA:9,2
DA:12,1
DA:16,1
DA:17,1
LF:8
LH:8
BRF:0
BRH:0
end_of_record
TN:
SF:src\controllers\statuses.controller.ts
FN:6,(anonymous_0)
FN:11,(anonymous_1)
FN:17,(anonymous_2)
FN:26,(anonymous_3)
FNF:4
FNH:2
FNDA:2,(anonymous_0)
FNDA:2,(anonymous_1)
FNDA:0,(anonymous_2)
FNDA:0,(anonymous_3)
DA:3,6
DA:5,6
DA:7,2
DA:8,2
DA:12,2
DA:13,2
DA:14,1
DA:18,0
DA:19,0
DA:23,0
DA:27,0
DA:28,0
LF:12
LH:7
BRF:0
BRH:0
end_of_record
TN:
SF:src\controllers\task.controller.ts
FN:5,(anonymous_0)
FN:19,(anonymous_1)
FN:24,(anonymous_2)
FN:29,(anonymous_3)
FNF:4
FNH:3
FNDA:0,(anonymous_0)
FNDA:1,(anonymous_1)
FNDA:2,(anonymous_2)
FNDA:1,(anonymous_3)
DA:2,6
DA:4,6
DA:6,0
DA:15,0
DA:16,0
DA:20,1
DA:21,1
DA:25,2
DA:26,1
DA:30,1
DA:31,1
LF:11
LH:8
BRDA:9,0,0,0
BRDA:9,0,1,0
BRDA:10,1,0,0
BRDA:10,1,1,0
BRF:4
BRH:0
end_of_record
TN:
SF:src\middlewares\auth.middleware.ts
FN:10,authenticateJWT
FNF:1
FNH:1
FNDA:21,authenticateJWT
DA:3,6
DA:4,6
DA:10,6
DA:16,21
DA:17,21
DA:18,1
DA:19,1
DA:22,20
DA:23,20
DA:24,20
DA:25,16
DA:26,16
DA:28,4
LF:13
LH:13
BRDA:17,0,0,1
BRF:1
BRH:1
end_of_record
TN:
SF:src\middlewares\error.middleware.ts
FN:6,(anonymous_0)
FN:11,(anonymous_1)
FNF:2
FNH:1
FNDA:0,(anonymous_0)
FNDA:2,(anonymous_1)
DA:2,6
DA:6,6
DA:7,0
DA:11,6
DA:18,2
DA:19,0
DA:20,0
DA:24,2
DA:25,0
DA:26,0
DA:30,2
DA:31,2
DA:33,1
DA:34,1
DA:36,1
DA:37,1
DA:39,0
DA:40,0
DA:45,0
DA:46,0
DA:47,0
DA:51,0
DA:52,0
LF:23
LH:11
BRDA:18,0,0,0
BRDA:18,1,0,2
BRDA:18,1,1,2
BRDA:24,2,0,0
BRDA:30,3,0,2
BRDA:31,4,0,1
BRDA:31,4,1,1
BRDA:31,4,2,0
BRDA:45,5,0,0
BRDA:46,6,0,0
BRDA:46,6,1,0
BRF:11
BRH:5
end_of_record
TN:
SF:src\middlewares\validate.middleware.ts
FN:6,(anonymous_0)
FN:7,(anonymous_1)
FNF:2
FNH:2
FNDA:54,(anonymous_0)
FNDA:17,(anonymous_1)
DA:5,6
DA:6,6
DA:7,54
DA:8,17
DA:9,17
DA:10,2
DA:11,2
DA:13,15
DA:14,15
LF:9
LH:9
BRDA:9,0,0,2
BRF:1
BRH:1
end_of_record
TN:
SF:src\routes\auth.routes.ts
FNF:0
FNH:0
DA:1,6
DA:2,6
DA:3,6
DA:4,6
DA:6,6
DA:7,6
DA:8,6
LF:7
LH:7
BRF:0
BRH:0
end_of_record
TN:
SF:src\routes\categories.routes.ts
FNF:0
FNH:0
DA:1,6
DA:2,6
DA:3,6
DA:4,6
DA:5,6
DA:6,6
DA:11,6
DA:13,6
DA:15,6
DA:17,6
DA:23,6
DA:29,6
LF:12
LH:12
BRF:0
BRH:0
end_of_record
TN:
SF:src\routes\projects.routes.ts
FNF:0
FNH:0
DA:1,6
DA:2,6
DA:3,6
DA:4,6
DA:5,6
DA:6,6
DA:11,6
DA:13,6
DA:15,6
DA:17,6
DA:23,6
DA:29,6
LF:12
LH:12
BRF:0
BRH:0
end_of_record
TN:
SF:src\routes\statuses.routes.ts
FNF:0
FNH:0
DA:1,6
DA:2,6
DA:3,6
DA:4,6
DA:6,6
DA:10,6
DA:12,6
DA:14,6
DA:16,6
DA:18,6
DA:24,6
DA:30,6
LF:12
LH:12
BRF:0
BRH:0
end_of_record
TN:
SF:src\routes\task.routes.ts
FNF:0
FNH:0
DA:1,6
DA:2,6
DA:3,6
DA:4,6
DA:5,6
DA:6,6
DA:8,6
DA:10,6
DA:13,6
DA:15,6
DA:21,6
DA:27,6
LF:12
LH:12
BRF:0
BRH:0
end_of_record
TN:
SF:src\services\auth.service.ts
FN:9,(anonymous_1)
FN:24,(anonymous_2)
FNF:2
FNH:2
FNDA:6,(anonymous_1)
FNDA:6,(anonymous_2)
DA:1,6
DA:2,6
DA:3,6
DA:4,6
DA:5,6
DA:7,6
DA:10,6
DA:11,6
DA:12,6
DA:19,6
DA:20,6
DA:25,6
DA:26,6
DA:27,0
DA:29,6
DA:32,6
LF:16
LH:15
BRDA:11,0,0,0
BRDA:26,1,0,0
BRDA:26,2,0,6
BRDA:26,2,1,6
BRF:4
BRH:2
end_of_record
TN:
SF:src\services\categories.service.ts
FN:4,(anonymous_0)
FN:8,(anonymous_1)
FN:12,(anonymous_2)
FN:16,(anonymous_3)
FNF:4
FNH:1
FNDA:0,(anonymous_0)
FNDA:1,(anonymous_1)
FNDA:0,(anonymous_2)
FNDA:0,(anonymous_3)
DA:1,6
DA:3,6
DA:5,0
DA:9,1
DA:13,0
DA:17,0
LF:6
LH:3
BRF:0
BRH:0
end_of_record
TN:
SF:src\services\projects.service.ts
FN:4,(anonymous_0)
FN:7,(anonymous_1)
FN:10,(anonymous_2)
FN:13,(anonymous_3)
FNF:4
FNH:4
FNDA:1,(anonymous_0)
FNDA:2,(anonymous_1)
FNDA:1,(anonymous_2)
FNDA:1,(anonymous_3)
DA:1,6
DA:3,6
DA:5,1
DA:8,2
DA:11,1
DA:14,1
LF:6
LH:6
BRF:0
BRH:0
end_of_record
TN:
SF:src\services\statuses.service.ts
FN:4,(anonymous_0)
FN:7,(anonymous_1)
FN:10,(anonymous_2)
FN:13,(anonymous_3)
FNF:4
FNH:2
FNDA:2,(anonymous_0)
FNDA:2,(anonymous_1)
FNDA:0,(anonymous_2)
FNDA:0,(anonymous_3)
DA:1,6
DA:3,6
DA:5,2
DA:8,2
DA:11,0
DA:14,0
LF:6
LH:4
BRF:0
BRH:0
end_of_record
TN:
SF:src\services\task.service.ts
FN:4,(anonymous_0)
FN:19,(anonymous_1)
FN:25,(anonymous_2)
FN:31,(anonymous_3)
FN:38,(anonymous_4)
FN:45,(anonymous_5)
FNF:6
FNH:3
FNDA:0,(anonymous_0)
FNDA:1,(anonymous_1)
FNDA:0,(anonymous_2)
FNDA:2,(anonymous_3)
FNDA:0,(anonymous_4)
FNDA:1,(anonymous_5)
DA:1,6
DA:3,6
DA:5,0
DA:20,1
DA:21,1
DA:25,0
DA:32,2
DA:33,2
DA:38,0
DA:46,1
LF:10
LH:7
BRDA:8,0,0,0
BRDA:8,0,1,0
BRDA:9,1,0,0
BRDA:9,1,1,0
BRDA:10,2,0,0
BRDA:10,2,1,0
BRDA:20,3,0,1
BRDA:37,4,0,0
BRDA:37,4,1,2
BRF:9
BRH:2
end_of_record
TN:
SF:src\utils\asyncHandler.ts
FN:9,(anonymous_0)
FN:10,(anonymous_1)
FNF:2
FNH:2
FNDA:108,(anonymous_0)
FNDA:26,(anonymous_1)
DA:8,6
DA:9,6
DA:10,108
DA:11,26
LF:4
LH:4
BRF:0
BRH:0
end_of_record
TN:
SF:src\utils\password.ts
FN:3,(anonymous_1)
FN:4,(anonymous_2)
FNF:2
FNH:2
FNDA:6,(anonymous_1)
FNDA:6,(anonymous_2)
DA:1,6
DA:2,6
DA:3,6
DA:4,6
DA:5,6
LF:5
LH:5
BRF:0
BRH:0
end_of_record
TN:
SF:src\validators\auth.schema.ts
FNF:0
FNH:0
DA:1,6
DA:3,6
LF:2
LH:2
BRF:0
BRH:0
end_of_record
TN:
SF:src\validators\category.schema.ts
FNF:0
FNH:0
DA:1,6
DA:3,6
DA:12,6
LF:3
LH:3
BRF:0
BRH:0
end_of_record
TN:
SF:src\validators\project.schema.ts
FNF:0
FNH:0
DA:1,6
DA:3,6
DA:7,6
LF:3
LH:3
BRF:0
BRH:0
end_of_record
TN:
SF:src\validators\status.schema.ts
FNF:0
FNH:0
DA:1,6
DA:3,6
DA:12,6
LF:3
LH:3
BRF:0
BRH:0
end_of_record
TN:
SF:src\validators\task.schema.ts
FNF:0
FNH:0
DA:1,6
DA:3,6
DA:11,6
LF:3
LH:3
BRF:0
BRH:0
end_of_record
